<?xml version="1.0" encoding="UTF-8"?>
<testsuite name="cat.itacademy.s04.t01.n02.S04T01N02ApplicationTests" tests="1" skipped="0" failures="0" errors="0" timestamp="2025-02-27T21:37:59.838Z" hostname="MacBookProFer.local" time="0.39">
  <properties/>
  <testcase name="contextLoads()" classname="cat.itacademy.s04.t01.n02.S04T01N02ApplicationTests" time="0.39"/>
  <system-out><![CDATA[22:37:59.079 [Test worker] INFO org.springframework.test.context.support.AnnotationConfigContextLoaderUtils -- Could not detect default configuration classes for test class [cat.itacademy.s04.t01.n02.S04T01N02ApplicationTests]: S04T01N02ApplicationTests does not declare any static, non-private, non-final, nested classes annotated with @Configuration.
22:37:59.125 [Test worker] INFO org.springframework.boot.test.context.SpringBootTestContextBootstrapper -- Found @SpringBootConfiguration cat.itacademy.s04.t01.n02.S04T01N02Application for test class cat.itacademy.s04.t01.n02.S04T01N02ApplicationTests

  .   ____          _            __ _ _
 /\\ / ___'_ __ _ _(_)_ __  __ _ \ \ \ \
( ( )\___ | '_ | '_| | '_ \/ _` | \ \ \ \
 \\/  ___)| |_)| | | | | || (_| |  ) ) ) )
  '  |____| .__|_| |_|_| |_\__, | / / / /
 =========|_|==============|___/=/_/_/_/

 :: Spring Boot ::                (v3.4.3)

2025-02-27T22:37:59.309+01:00  INFO 34052 --- [S04T01N02] [    Test worker] c.i.s.t01.n02.S04T01N02ApplicationTests  : Starting S04T01N02ApplicationTests using Java 17.0.14 with PID 34052 (started by fer_Programando in /Users/Fer_Programando/IdeaProjects/S4/Tarea1/nivel2/S04T01N02)
2025-02-27T22:37:59.310+01:00  INFO 34052 --- [S04T01N02] [    Test worker] c.i.s.t01.n02.S04T01N02ApplicationTests  : No active profile set, falling back to 1 default profile: "default"
2025-02-27T22:37:59.830+01:00  INFO 34052 --- [S04T01N02] [    Test worker] c.i.s.t01.n02.S04T01N02ApplicationTests  : Started S04T01N02ApplicationTests in 0.638 seconds (process running for 1.103)
]]></system-out>
  <system-err><![CDATA[]]></system-err>
</testsuite>
